[0.008s] Invoking command in '/home/noor/my_robot_ws/build/my_robot_bringup': AMENT_PREFIX_PATH=/home/noor/my_robot_ws/install/my_robot_description:${AMENT_PREFIX_PATH} CMAKE_PREFIX_PATH=/home/noor/my_robot_ws/install/my_robot_description:/opt/ros/humble /usr/bin/cmake --build /home/noor/my_robot_ws/build/my_robot_bringup -- -j16 -l16
[0.039s] -- Found ament_cmake: 1.3.11 (/opt/ros/humble/share/ament_cmake/cmake)
[0.292s] -- Configuring done
[0.297s] -- Generating done
[0.299s] -- Build files have been written to: /home/noor/my_robot_ws/build/my_robot_bringup
[0.330s] Invoked command in '/home/noor/my_robot_ws/build/my_robot_bringup' returned '0': AMENT_PREFIX_PATH=/home/noor/my_robot_ws/install/my_robot_description:${AMENT_PREFIX_PATH} CMAKE_PREFIX_PATH=/home/noor/my_robot_ws/install/my_robot_description:/opt/ros/humble /usr/bin/cmake --build /home/noor/my_robot_ws/build/my_robot_bringup -- -j16 -l16
[0.333s] Invoking command in '/home/noor/my_robot_ws/build/my_robot_bringup': AMENT_PREFIX_PATH=/home/noor/my_robot_ws/install/my_robot_description:${AMENT_PREFIX_PATH} CMAKE_PREFIX_PATH=/home/noor/my_robot_ws/install/my_robot_description:/opt/ros/humble /usr/bin/cmake --install /home/noor/my_robot_ws/build/my_robot_bringup
[0.344s] -- Install configuration: ""
[0.344s] -- Up-to-date: /home/noor/my_robot_ws/install/my_robot_bringup/share/my_robot_bringup//launch
[0.344s] -- Up-to-date: /home/noor/my_robot_ws/install/my_robot_bringup/share/my_robot_bringup//launch/my_robot.launch.xml
[0.344s] -- Up-to-date: /home/noor/my_robot_ws/install/my_robot_bringup/share/my_robot_bringup//config
[0.344s] -- Up-to-date: /home/noor/my_robot_ws/install/my_robot_bringup/share/my_robot_bringup//config/gazebo_bridge.yaml
[0.344s] -- Up-to-date: /home/noor/my_robot_ws/install/my_robot_bringup/share/my_robot_bringup//rviz
[0.344s] -- Up-to-date: /home/noor/my_robot_ws/install/my_robot_bringup/share/my_robot_bringup//rviz/urdf_config.rviz
[0.344s] -- Installing: /home/noor/my_robot_ws/install/my_robot_bringup/share/ament_index/resource_index/package_run_dependencies/my_robot_bringup
[0.344s] -- Up-to-date: /home/noor/my_robot_ws/install/my_robot_bringup/share/ament_index/resource_index/parent_prefix_path/my_robot_bringup
[0.344s] -- Up-to-date: /home/noor/my_robot_ws/install/my_robot_bringup/share/my_robot_bringup/environment/ament_prefix_path.sh
[0.344s] -- Installing: /home/noor/my_robot_ws/install/my_robot_bringup/share/my_robot_bringup/environment/ament_prefix_path.dsv
[0.344s] -- Up-to-date: /home/noor/my_robot_ws/install/my_robot_bringup/share/my_robot_bringup/environment/path.sh
[0.344s] -- Installing: /home/noor/my_robot_ws/install/my_robot_bringup/share/my_robot_bringup/environment/path.dsv
[0.345s] -- Up-to-date: /home/noor/my_robot_ws/install/my_robot_bringup/share/my_robot_bringup/local_setup.bash
[0.345s] -- Up-to-date: /home/noor/my_robot_ws/install/my_robot_bringup/share/my_robot_bringup/local_setup.sh
[0.345s] -- Up-to-date: /home/noor/my_robot_ws/install/my_robot_bringup/share/my_robot_bringup/local_setup.zsh
[0.345s] -- Installing: /home/noor/my_robot_ws/install/my_robot_bringup/share/my_robot_bringup/local_setup.dsv
[0.345s] -- Installing: /home/noor/my_robot_ws/install/my_robot_bringup/share/my_robot_bringup/package.dsv
[0.345s] -- Up-to-date: /home/noor/my_robot_ws/install/my_robot_bringup/share/ament_index/resource_index/packages/my_robot_bringup
[0.345s] -- Up-to-date: /home/noor/my_robot_ws/install/my_robot_bringup/share/my_robot_bringup/cmake/my_robot_bringupConfig.cmake
[0.345s] -- Up-to-date: /home/noor/my_robot_ws/install/my_robot_bringup/share/my_robot_bringup/cmake/my_robot_bringupConfig-version.cmake
[0.345s] -- Installing: /home/noor/my_robot_ws/install/my_robot_bringup/share/my_robot_bringup/package.xml
[0.347s] Invoked command in '/home/noor/my_robot_ws/build/my_robot_bringup' returned '0': AMENT_PREFIX_PATH=/home/noor/my_robot_ws/install/my_robot_description:${AMENT_PREFIX_PATH} CMAKE_PREFIX_PATH=/home/noor/my_robot_ws/install/my_robot_description:/opt/ros/humble /usr/bin/cmake --install /home/noor/my_robot_ws/build/my_robot_bringup
