[0.105s] DEBUG:colcon:Command line arguments: ['/usr/bin/colcon', 'build']
[0.105s] DEBUG:colcon:Parsed command line arguments: Namespace(log_base=None, log_level=None, verb_name='build', build_base='build', install_base='install', merge_install=False, symlink_install=False, test_result_base=None, continue_on_error=False, executor='parallel', parallel_workers=16, event_handlers=None, ignore_user_meta=False, metas=['./colcon.meta'], base_paths=['.'], packages_ignore=None, packages_ignore_regex=None, paths=None, packages_up_to=None, packages_up_to_regex=None, packages_above=None, packages_above_and_dependencies=None, packages_above_depth=None, packages_select_by_dep=None, packages_skip_by_dep=None, packages_skip_up_to=None, packages_select_build_failed=False, packages_skip_build_finished=False, packages_select_test_failures=False, packages_skip_test_passed=False, packages_select=None, packages_skip=None, packages_select_regex=None, packages_skip_regex=None, packages_start=None, packages_end=None, allow_overriding=[], cmake_args=None, cmake_target=None, cmake_target_skip_unavailable=False, cmake_clean_cache=False, cmake_clean_first=False, cmake_force_configure=False, ament_cmake_args=None, catkin_cmake_args=None, catkin_skip_building_tests=False, verb_parser=<colcon_defaults.argument_parser.defaults.DefaultArgumentsDecorator object at 0x79219e4385e0>, verb_extension=<colcon_core.verb.build.BuildVerb object at 0x79219e5a9390>, main=<bound method BuildVerb.main of <colcon_core.verb.build.BuildVerb object at 0x79219e5a9390>>)
[0.258s] Level 1:colcon.colcon_core.package_discovery:discover_packages(colcon_meta) check parameters
[0.258s] Level 1:colcon.colcon_core.package_discovery:discover_packages(recursive) check parameters
[0.258s] Level 1:colcon.colcon_core.package_discovery:discover_packages(ignore) check parameters
[0.258s] Level 1:colcon.colcon_core.package_discovery:discover_packages(path) check parameters
[0.258s] Level 1:colcon.colcon_core.package_discovery:discover_packages(colcon_meta) discover
[0.258s] Level 1:colcon.colcon_core.package_discovery:discover_packages(recursive) discover
[0.258s] INFO:colcon.colcon_core.package_discovery:Crawling recursively for packages in '/home/noor/my_robot_ws'
[0.258s] Level 1:colcon.colcon_core.package_identification:_identify(.) by extensions ['ignore', 'ignore_ament_install']
[0.258s] Level 1:colcon.colcon_core.package_identification:_identify(.) by extension 'ignore'
[0.258s] Level 1:colcon.colcon_core.package_identification:_identify(.) by extension 'ignore_ament_install'
[0.258s] Level 1:colcon.colcon_core.package_identification:_identify(.) by extensions ['colcon_pkg']
[0.258s] Level 1:colcon.colcon_core.package_identification:_identify(.) by extension 'colcon_pkg'
[0.259s] Level 1:colcon.colcon_core.package_identification:_identify(.) by extensions ['colcon_meta']
[0.259s] Level 1:colcon.colcon_core.package_identification:_identify(.) by extension 'colcon_meta'
[0.259s] Level 1:colcon.colcon_core.package_identification:_identify(.) by extensions ['ros']
[0.259s] Level 1:colcon.colcon_core.package_identification:_identify(.) by extension 'ros'
[0.271s] Level 1:colcon.colcon_core.package_identification:_identify(.) by extensions ['cmake', 'python']
[0.271s] Level 1:colcon.colcon_core.package_identification:_identify(.) by extension 'cmake'
[0.271s] Level 1:colcon.colcon_core.package_identification:_identify(.) by extension 'python'
[0.271s] Level 1:colcon.colcon_core.package_identification:_identify(.) by extensions ['python_setup_py']
[0.271s] Level 1:colcon.colcon_core.package_identification:_identify(.) by extension 'python_setup_py'
[0.271s] Level 1:colcon.colcon_core.package_identification:_identify(build) by extensions ['ignore', 'ignore_ament_install']
[0.271s] Level 1:colcon.colcon_core.package_identification:_identify(build) by extension 'ignore'
[0.271s] Level 1:colcon.colcon_core.package_identification:_identify(build) ignored
[0.271s] Level 1:colcon.colcon_core.package_identification:_identify(install) by extensions ['ignore', 'ignore_ament_install']
[0.271s] Level 1:colcon.colcon_core.package_identification:_identify(install) by extension 'ignore'
[0.271s] Level 1:colcon.colcon_core.package_identification:_identify(install) ignored
[0.271s] Level 1:colcon.colcon_core.package_identification:_identify(log) by extensions ['ignore', 'ignore_ament_install']
[0.271s] Level 1:colcon.colcon_core.package_identification:_identify(log) by extension 'ignore'
[0.271s] Level 1:colcon.colcon_core.package_identification:_identify(log) ignored
[0.272s] Level 1:colcon.colcon_core.package_identification:_identify(src) by extensions ['ignore', 'ignore_ament_install']
[0.272s] Level 1:colcon.colcon_core.package_identification:_identify(src) by extension 'ignore'
[0.272s] Level 1:colcon.colcon_core.package_identification:_identify(src) by extension 'ignore_ament_install'
[0.272s] Level 1:colcon.colcon_core.package_identification:_identify(src) by extensions ['colcon_pkg']
[0.272s] Level 1:colcon.colcon_core.package_identification:_identify(src) by extension 'colcon_pkg'
[0.272s] Level 1:colcon.colcon_core.package_identification:_identify(src) by extensions ['colcon_meta']
[0.272s] Level 1:colcon.colcon_core.package_identification:_identify(src) by extension 'colcon_meta'
[0.272s] Level 1:colcon.colcon_core.package_identification:_identify(src) by extensions ['ros']
[0.272s] Level 1:colcon.colcon_core.package_identification:_identify(src) by extension 'ros'
[0.272s] Level 1:colcon.colcon_core.package_identification:_identify(src) by extensions ['cmake', 'python']
[0.272s] Level 1:colcon.colcon_core.package_identification:_identify(src) by extension 'cmake'
[0.272s] Level 1:colcon.colcon_core.package_identification:_identify(src) by extension 'python'
[0.272s] Level 1:colcon.colcon_core.package_identification:_identify(src) by extensions ['python_setup_py']
[0.272s] Level 1:colcon.colcon_core.package_identification:_identify(src) by extension 'python_setup_py'
[0.272s] Level 1:colcon.colcon_core.package_identification:_identify(src/my_robot_bringup) by extensions ['ignore', 'ignore_ament_install']
[0.272s] Level 1:colcon.colcon_core.package_identification:_identify(src/my_robot_bringup) by extension 'ignore'
[0.272s] Level 1:colcon.colcon_core.package_identification:_identify(src/my_robot_bringup) by extension 'ignore_ament_install'
[0.272s] Level 1:colcon.colcon_core.package_identification:_identify(src/my_robot_bringup) by extensions ['colcon_pkg']
[0.272s] Level 1:colcon.colcon_core.package_identification:_identify(src/my_robot_bringup) by extension 'colcon_pkg'
[0.272s] Level 1:colcon.colcon_core.package_identification:_identify(src/my_robot_bringup) by extensions ['colcon_meta']
[0.272s] Level 1:colcon.colcon_core.package_identification:_identify(src/my_robot_bringup) by extension 'colcon_meta'
[0.272s] Level 1:colcon.colcon_core.package_identification:_identify(src/my_robot_bringup) by extensions ['ros']
[0.272s] Level 1:colcon.colcon_core.package_identification:_identify(src/my_robot_bringup) by extension 'ros'
[0.275s] DEBUG:colcon.colcon_core.package_identification:Package 'src/my_robot_bringup' with type 'ros.ament_cmake' and name 'my_robot_bringup'
[0.275s] Level 1:colcon.colcon_core.package_identification:_identify(src/my_robot_description) by extensions ['ignore', 'ignore_ament_install']
[0.275s] Level 1:colcon.colcon_core.package_identification:_identify(src/my_robot_description) by extension 'ignore'
[0.275s] Level 1:colcon.colcon_core.package_identification:_identify(src/my_robot_description) by extension 'ignore_ament_install'
[0.275s] Level 1:colcon.colcon_core.package_identification:_identify(src/my_robot_description) by extensions ['colcon_pkg']
[0.275s] Level 1:colcon.colcon_core.package_identification:_identify(src/my_robot_description) by extension 'colcon_pkg'
[0.275s] Level 1:colcon.colcon_core.package_identification:_identify(src/my_robot_description) by extensions ['colcon_meta']
[0.275s] Level 1:colcon.colcon_core.package_identification:_identify(src/my_robot_description) by extension 'colcon_meta'
[0.275s] Level 1:colcon.colcon_core.package_identification:_identify(src/my_robot_description) by extensions ['ros']
[0.275s] Level 1:colcon.colcon_core.package_identification:_identify(src/my_robot_description) by extension 'ros'
[0.276s] DEBUG:colcon.colcon_core.package_identification:Package 'src/my_robot_description' with type 'ros.ament_cmake' and name 'my_robot_description'
[0.276s] Level 1:colcon.colcon_core.package_discovery:discover_packages(recursive) using defaults
[0.276s] Level 1:colcon.colcon_core.package_discovery:discover_packages(ignore) discover
[0.276s] Level 1:colcon.colcon_core.package_discovery:discover_packages(ignore) using defaults
[0.276s] Level 1:colcon.colcon_core.package_discovery:discover_packages(path) discover
[0.276s] Level 1:colcon.colcon_core.package_discovery:discover_packages(path) using defaults
[0.297s] Level 1:colcon.colcon_core.package_discovery:discover_packages(prefix_path) check parameters
[0.297s] Level 1:colcon.colcon_core.package_discovery:discover_packages(prefix_path) discover
[0.299s] DEBUG:colcon.colcon_installed_package_information.package_discovery:Found 357 installed packages in /opt/ros/humble
[0.310s] Level 1:colcon.colcon_core.package_discovery:discover_packages(prefix_path) using defaults
[0.353s] Level 5:colcon.colcon_core.verb:set package 'my_robot_description' build argument 'cmake_args' from command line to 'None'
[0.353s] Level 5:colcon.colcon_core.verb:set package 'my_robot_description' build argument 'cmake_target' from command line to 'None'
[0.353s] Level 5:colcon.colcon_core.verb:set package 'my_robot_description' build argument 'cmake_target_skip_unavailable' from command line to 'False'
[0.353s] Level 5:colcon.colcon_core.verb:set package 'my_robot_description' build argument 'cmake_clean_cache' from command line to 'False'
[0.353s] Level 5:colcon.colcon_core.verb:set package 'my_robot_description' build argument 'cmake_clean_first' from command line to 'False'
[0.353s] Level 5:colcon.colcon_core.verb:set package 'my_robot_description' build argument 'cmake_force_configure' from command line to 'False'
[0.353s] Level 5:colcon.colcon_core.verb:set package 'my_robot_description' build argument 'ament_cmake_args' from command line to 'None'
[0.353s] Level 5:colcon.colcon_core.verb:set package 'my_robot_description' build argument 'catkin_cmake_args' from command line to 'None'
[0.353s] Level 5:colcon.colcon_core.verb:set package 'my_robot_description' build argument 'catkin_skip_building_tests' from command line to 'False'
[0.353s] DEBUG:colcon.colcon_core.verb:Building package 'my_robot_description' with the following arguments: {'ament_cmake_args': None, 'build_base': '/home/noor/my_robot_ws/build/my_robot_description', 'catkin_cmake_args': None, 'catkin_skip_building_tests': False, 'cmake_args': None, 'cmake_clean_cache': False, 'cmake_clean_first': False, 'cmake_force_configure': False, 'cmake_target': None, 'cmake_target_skip_unavailable': False, 'install_base': '/home/noor/my_robot_ws/install/my_robot_description', 'merge_install': False, 'path': '/home/noor/my_robot_ws/src/my_robot_description', 'symlink_install': False, 'test_result_base': None}
[0.353s] Level 5:colcon.colcon_core.verb:set package 'my_robot_bringup' build argument 'cmake_args' from command line to 'None'
[0.353s] Level 5:colcon.colcon_core.verb:set package 'my_robot_bringup' build argument 'cmake_target' from command line to 'None'
[0.354s] Level 5:colcon.colcon_core.verb:set package 'my_robot_bringup' build argument 'cmake_target_skip_unavailable' from command line to 'False'
[0.354s] Level 5:colcon.colcon_core.verb:set package 'my_robot_bringup' build argument 'cmake_clean_cache' from command line to 'False'
[0.354s] Level 5:colcon.colcon_core.verb:set package 'my_robot_bringup' build argument 'cmake_clean_first' from command line to 'False'
[0.354s] Level 5:colcon.colcon_core.verb:set package 'my_robot_bringup' build argument 'cmake_force_configure' from command line to 'False'
[0.354s] Level 5:colcon.colcon_core.verb:set package 'my_robot_bringup' build argument 'ament_cmake_args' from command line to 'None'
[0.354s] Level 5:colcon.colcon_core.verb:set package 'my_robot_bringup' build argument 'catkin_cmake_args' from command line to 'None'
[0.354s] Level 5:colcon.colcon_core.verb:set package 'my_robot_bringup' build argument 'catkin_skip_building_tests' from command line to 'False'
[0.354s] DEBUG:colcon.colcon_core.verb:Building package 'my_robot_bringup' with the following arguments: {'ament_cmake_args': None, 'build_base': '/home/noor/my_robot_ws/build/my_robot_bringup', 'catkin_cmake_args': None, 'catkin_skip_building_tests': False, 'cmake_args': None, 'cmake_clean_cache': False, 'cmake_clean_first': False, 'cmake_force_configure': False, 'cmake_target': None, 'cmake_target_skip_unavailable': False, 'install_base': '/home/noor/my_robot_ws/install/my_robot_bringup', 'merge_install': False, 'path': '/home/noor/my_robot_ws/src/my_robot_bringup', 'symlink_install': False, 'test_result_base': None}
[0.354s] INFO:colcon.colcon_core.executor:Executing jobs using 'parallel' executor
[0.355s] DEBUG:colcon.colcon_parallel_executor.executor.parallel:run_until_complete
[0.355s] INFO:colcon.colcon_ros.task.ament_cmake.build:Building ROS package in '/home/noor/my_robot_ws/src/my_robot_description' with build type 'ament_cmake'
[0.355s] INFO:colcon.colcon_cmake.task.cmake.build:Building CMake package in '/home/noor/my_robot_ws/src/my_robot_description'
[0.357s] INFO:colcon.colcon_core.plugin_system:Skipping extension 'colcon_core.shell.bat': Not used on non-Windows systems
[0.357s] INFO:colcon.colcon_core.shell:Skip shell extension 'powershell' for command environment: Not usable outside of PowerShell
[0.358s] DEBUG:colcon.colcon_core.shell:Skip shell extension 'dsv' for command environment
[0.366s] DEBUG:colcon.colcon_core.event_handler.log_command:Invoking command in '/home/noor/my_robot_ws/build/my_robot_description': CMAKE_PREFIX_PATH=/opt/ros/humble /usr/bin/cmake /home/noor/my_robot_ws/src/my_robot_description -DCMAKE_INSTALL_PREFIX=/home/noor/my_robot_ws/install/my_robot_description
[1.123s] DEBUG:colcon.colcon_core.event_handler.log_command:Invoked command in '/home/noor/my_robot_ws/build/my_robot_description' returned '0': CMAKE_PREFIX_PATH=/opt/ros/humble /usr/bin/cmake /home/noor/my_robot_ws/src/my_robot_description -DCMAKE_INSTALL_PREFIX=/home/noor/my_robot_ws/install/my_robot_description
[1.124s] DEBUG:colcon.colcon_core.event_handler.log_command:Invoking command in '/home/noor/my_robot_ws/build/my_robot_description': CMAKE_PREFIX_PATH=/opt/ros/humble /usr/bin/cmake --build /home/noor/my_robot_ws/build/my_robot_description -- -j16 -l16
[1.182s] DEBUG:colcon.colcon_core.event_handler.log_command:Invoked command in '/home/noor/my_robot_ws/build/my_robot_description' returned '0': CMAKE_PREFIX_PATH=/opt/ros/humble /usr/bin/cmake --build /home/noor/my_robot_ws/build/my_robot_description -- -j16 -l16
[1.199s] DEBUG:colcon.colcon_core.event_handler.log_command:Invoking command in '/home/noor/my_robot_ws/build/my_robot_description': CMAKE_PREFIX_PATH=/opt/ros/humble /usr/bin/cmake --install /home/noor/my_robot_ws/build/my_robot_description
[1.212s] Level 1:colcon.colcon_core.environment:create_environment_scripts_only(my_robot_description)
[1.213s] DEBUG:colcon.colcon_core.event_handler.log_command:Invoked command in '/home/noor/my_robot_ws/build/my_robot_description' returned '0': CMAKE_PREFIX_PATH=/opt/ros/humble /usr/bin/cmake --install /home/noor/my_robot_ws/build/my_robot_description
[1.215s] Level 1:colcon.colcon_core.environment:checking '/home/noor/my_robot_ws/install/my_robot_description' for CMake module files
[1.215s] Level 1:colcon.colcon_core.environment:checking '/home/noor/my_robot_ws/install/my_robot_description' for CMake config files
[1.215s] Level 1:colcon.colcon_core.shell:create_environment_hook('my_robot_description', 'cmake_prefix_path')
[1.216s] INFO:colcon.colcon_core.shell:Creating environment hook '/home/noor/my_robot_ws/install/my_robot_description/share/my_robot_description/hook/cmake_prefix_path.ps1'
[1.216s] INFO:colcon.colcon_core.shell:Creating environment descriptor '/home/noor/my_robot_ws/install/my_robot_description/share/my_robot_description/hook/cmake_prefix_path.dsv'
[1.217s] INFO:colcon.colcon_core.shell:Creating environment hook '/home/noor/my_robot_ws/install/my_robot_description/share/my_robot_description/hook/cmake_prefix_path.sh'
[1.217s] Level 1:colcon.colcon_core.environment:checking '/home/noor/my_robot_ws/install/my_robot_description/bin'
[1.218s] Level 1:colcon.colcon_core.environment:checking '/home/noor/my_robot_ws/install/my_robot_description/lib/pkgconfig/my_robot_description.pc'
[1.218s] Level 1:colcon.colcon_core.environment:checking '/home/noor/my_robot_ws/install/my_robot_description/lib/python3.10/site-packages'
[1.218s] Level 1:colcon.colcon_core.environment:checking '/home/noor/my_robot_ws/install/my_robot_description/bin'
[1.218s] INFO:colcon.colcon_core.shell:Creating package script '/home/noor/my_robot_ws/install/my_robot_description/share/my_robot_description/package.ps1'
[1.219s] INFO:colcon.colcon_core.shell:Creating package descriptor '/home/noor/my_robot_ws/install/my_robot_description/share/my_robot_description/package.dsv'
[1.219s] INFO:colcon.colcon_core.shell:Creating package script '/home/noor/my_robot_ws/install/my_robot_description/share/my_robot_description/package.sh'
[1.220s] INFO:colcon.colcon_core.shell:Creating package script '/home/noor/my_robot_ws/install/my_robot_description/share/my_robot_description/package.bash'
[1.221s] INFO:colcon.colcon_core.shell:Creating package script '/home/noor/my_robot_ws/install/my_robot_description/share/my_robot_description/package.zsh'
[1.221s] Level 1:colcon.colcon_core.environment:create_file_with_runtime_dependencies(/home/noor/my_robot_ws/install/my_robot_description/share/colcon-core/packages/my_robot_description)
[1.222s] Level 1:colcon.colcon_core.environment:create_environment_scripts_only(my_robot_description)
[1.222s] Level 1:colcon.colcon_core.environment:checking '/home/noor/my_robot_ws/install/my_robot_description' for CMake module files
[1.222s] Level 1:colcon.colcon_core.environment:checking '/home/noor/my_robot_ws/install/my_robot_description' for CMake config files
[1.223s] Level 1:colcon.colcon_core.shell:create_environment_hook('my_robot_description', 'cmake_prefix_path')
[1.223s] INFO:colcon.colcon_core.shell:Creating environment hook '/home/noor/my_robot_ws/install/my_robot_description/share/my_robot_description/hook/cmake_prefix_path.ps1'
[1.223s] INFO:colcon.colcon_core.shell:Creating environment descriptor '/home/noor/my_robot_ws/install/my_robot_description/share/my_robot_description/hook/cmake_prefix_path.dsv'
[1.223s] INFO:colcon.colcon_core.shell:Creating environment hook '/home/noor/my_robot_ws/install/my_robot_description/share/my_robot_description/hook/cmake_prefix_path.sh'
[1.224s] Level 1:colcon.colcon_core.environment:checking '/home/noor/my_robot_ws/install/my_robot_description/bin'
[1.224s] Level 1:colcon.colcon_core.environment:checking '/home/noor/my_robot_ws/install/my_robot_description/lib/pkgconfig/my_robot_description.pc'
[1.224s] Level 1:colcon.colcon_core.environment:checking '/home/noor/my_robot_ws/install/my_robot_description/lib/python3.10/site-packages'
[1.224s] Level 1:colcon.colcon_core.environment:checking '/home/noor/my_robot_ws/install/my_robot_description/bin'
[1.225s] INFO:colcon.colcon_core.shell:Creating package script '/home/noor/my_robot_ws/install/my_robot_description/share/my_robot_description/package.ps1'
[1.225s] INFO:colcon.colcon_core.shell:Creating package descriptor '/home/noor/my_robot_ws/install/my_robot_description/share/my_robot_description/package.dsv'
[1.226s] INFO:colcon.colcon_core.shell:Creating package script '/home/noor/my_robot_ws/install/my_robot_description/share/my_robot_description/package.sh'
[1.226s] INFO:colcon.colcon_core.shell:Creating package script '/home/noor/my_robot_ws/install/my_robot_description/share/my_robot_description/package.bash'
[1.226s] INFO:colcon.colcon_core.shell:Creating package script '/home/noor/my_robot_ws/install/my_robot_description/share/my_robot_description/package.zsh'
[1.227s] Level 1:colcon.colcon_core.environment:create_file_with_runtime_dependencies(/home/noor/my_robot_ws/install/my_robot_description/share/colcon-core/packages/my_robot_description)
[1.227s] INFO:colcon.colcon_ros.task.ament_cmake.build:Building ROS package in '/home/noor/my_robot_ws/src/my_robot_bringup' with build type 'ament_cmake'
[1.227s] INFO:colcon.colcon_cmake.task.cmake.build:Building CMake package in '/home/noor/my_robot_ws/src/my_robot_bringup'
[1.228s] INFO:colcon.colcon_core.shell:Skip shell extension 'powershell' for command environment: Not usable outside of PowerShell
[1.228s] DEBUG:colcon.colcon_core.shell:Skip shell extension 'dsv' for command environment
[1.236s] DEBUG:colcon.colcon_core.event_handler.log_command:Invoking command in '/home/noor/my_robot_ws/build/my_robot_bringup': AMENT_PREFIX_PATH=/home/noor/my_robot_ws/install/my_robot_description:${AMENT_PREFIX_PATH} CMAKE_PREFIX_PATH=/home/noor/my_robot_ws/install/my_robot_description:/opt/ros/humble /usr/bin/cmake /home/noor/my_robot_ws/src/my_robot_bringup -DCMAKE_INSTALL_PREFIX=/home/noor/my_robot_ws/install/my_robot_bringup
[1.970s] DEBUG:colcon.colcon_core.event_handler.log_command:Invoked command in '/home/noor/my_robot_ws/build/my_robot_bringup' returned '0': AMENT_PREFIX_PATH=/home/noor/my_robot_ws/install/my_robot_description:${AMENT_PREFIX_PATH} CMAKE_PREFIX_PATH=/home/noor/my_robot_ws/install/my_robot_description:/opt/ros/humble /usr/bin/cmake /home/noor/my_robot_ws/src/my_robot_bringup -DCMAKE_INSTALL_PREFIX=/home/noor/my_robot_ws/install/my_robot_bringup
[1.972s] DEBUG:colcon.colcon_core.event_handler.log_command:Invoking command in '/home/noor/my_robot_ws/build/my_robot_bringup': AMENT_PREFIX_PATH=/home/noor/my_robot_ws/install/my_robot_description:${AMENT_PREFIX_PATH} CMAKE_PREFIX_PATH=/home/noor/my_robot_ws/install/my_robot_description:/opt/ros/humble /usr/bin/cmake --build /home/noor/my_robot_ws/build/my_robot_bringup -- -j16 -l16
[2.023s] DEBUG:colcon.colcon_core.event_handler.log_command:Invoked command in '/home/noor/my_robot_ws/build/my_robot_bringup' returned '0': AMENT_PREFIX_PATH=/home/noor/my_robot_ws/install/my_robot_description:${AMENT_PREFIX_PATH} CMAKE_PREFIX_PATH=/home/noor/my_robot_ws/install/my_robot_description:/opt/ros/humble /usr/bin/cmake --build /home/noor/my_robot_ws/build/my_robot_bringup -- -j16 -l16
[2.026s] DEBUG:colcon.colcon_core.event_handler.log_command:Invoking command in '/home/noor/my_robot_ws/build/my_robot_bringup': AMENT_PREFIX_PATH=/home/noor/my_robot_ws/install/my_robot_description:${AMENT_PREFIX_PATH} CMAKE_PREFIX_PATH=/home/noor/my_robot_ws/install/my_robot_description:/opt/ros/humble /usr/bin/cmake --install /home/noor/my_robot_ws/build/my_robot_bringup
[2.042s] Level 1:colcon.colcon_core.environment:create_environment_scripts_only(my_robot_bringup)
[2.043s] Level 1:colcon.colcon_core.environment:checking '/home/noor/my_robot_ws/install/my_robot_bringup' for CMake module files
[2.043s] DEBUG:colcon.colcon_core.event_handler.log_command:Invoked command in '/home/noor/my_robot_ws/build/my_robot_bringup' returned '0': AMENT_PREFIX_PATH=/home/noor/my_robot_ws/install/my_robot_description:${AMENT_PREFIX_PATH} CMAKE_PREFIX_PATH=/home/noor/my_robot_ws/install/my_robot_description:/opt/ros/humble /usr/bin/cmake --install /home/noor/my_robot_ws/build/my_robot_bringup
[2.044s] Level 1:colcon.colcon_core.environment:checking '/home/noor/my_robot_ws/install/my_robot_bringup' for CMake config files
[2.044s] Level 1:colcon.colcon_core.shell:create_environment_hook('my_robot_bringup', 'cmake_prefix_path')
[2.045s] INFO:colcon.colcon_core.shell:Creating environment hook '/home/noor/my_robot_ws/install/my_robot_bringup/share/my_robot_bringup/hook/cmake_prefix_path.ps1'
[2.045s] INFO:colcon.colcon_core.shell:Creating environment descriptor '/home/noor/my_robot_ws/install/my_robot_bringup/share/my_robot_bringup/hook/cmake_prefix_path.dsv'
[2.046s] INFO:colcon.colcon_core.shell:Creating environment hook '/home/noor/my_robot_ws/install/my_robot_bringup/share/my_robot_bringup/hook/cmake_prefix_path.sh'
[2.046s] Level 1:colcon.colcon_core.environment:checking '/home/noor/my_robot_ws/install/my_robot_bringup/bin'
[2.046s] Level 1:colcon.colcon_core.environment:checking '/home/noor/my_robot_ws/install/my_robot_bringup/lib/pkgconfig/my_robot_bringup.pc'
[2.047s] Level 1:colcon.colcon_core.environment:checking '/home/noor/my_robot_ws/install/my_robot_bringup/lib/python3.10/site-packages'
[2.047s] Level 1:colcon.colcon_core.environment:checking '/home/noor/my_robot_ws/install/my_robot_bringup/bin'
[2.048s] INFO:colcon.colcon_core.shell:Creating package script '/home/noor/my_robot_ws/install/my_robot_bringup/share/my_robot_bringup/package.ps1'
[2.048s] INFO:colcon.colcon_core.shell:Creating package descriptor '/home/noor/my_robot_ws/install/my_robot_bringup/share/my_robot_bringup/package.dsv'
[2.049s] INFO:colcon.colcon_core.shell:Creating package script '/home/noor/my_robot_ws/install/my_robot_bringup/share/my_robot_bringup/package.sh'
[2.049s] INFO:colcon.colcon_core.shell:Creating package script '/home/noor/my_robot_ws/install/my_robot_bringup/share/my_robot_bringup/package.bash'
[2.050s] INFO:colcon.colcon_core.shell:Creating package script '/home/noor/my_robot_ws/install/my_robot_bringup/share/my_robot_bringup/package.zsh'
[2.050s] Level 1:colcon.colcon_core.environment:create_file_with_runtime_dependencies(/home/noor/my_robot_ws/install/my_robot_bringup/share/colcon-core/packages/my_robot_bringup)
[2.052s] Level 1:colcon.colcon_core.environment:create_environment_scripts_only(my_robot_bringup)
[2.052s] Level 1:colcon.colcon_core.environment:checking '/home/noor/my_robot_ws/install/my_robot_bringup' for CMake module files
[2.053s] Level 1:colcon.colcon_core.environment:checking '/home/noor/my_robot_ws/install/my_robot_bringup' for CMake config files
[2.053s] Level 1:colcon.colcon_core.shell:create_environment_hook('my_robot_bringup', 'cmake_prefix_path')
[2.054s] INFO:colcon.colcon_core.shell:Creating environment hook '/home/noor/my_robot_ws/install/my_robot_bringup/share/my_robot_bringup/hook/cmake_prefix_path.ps1'
[2.055s] INFO:colcon.colcon_core.shell:Creating environment descriptor '/home/noor/my_robot_ws/install/my_robot_bringup/share/my_robot_bringup/hook/cmake_prefix_path.dsv'
[2.055s] INFO:colcon.colcon_core.shell:Creating environment hook '/home/noor/my_robot_ws/install/my_robot_bringup/share/my_robot_bringup/hook/cmake_prefix_path.sh'
[2.056s] Level 1:colcon.colcon_core.environment:checking '/home/noor/my_robot_ws/install/my_robot_bringup/bin'
[2.056s] Level 1:colcon.colcon_core.environment:checking '/home/noor/my_robot_ws/install/my_robot_bringup/lib/pkgconfig/my_robot_bringup.pc'
[2.057s] Level 1:colcon.colcon_core.environment:checking '/home/noor/my_robot_ws/install/my_robot_bringup/lib/python3.10/site-packages'
[2.057s] Level 1:colcon.colcon_core.environment:checking '/home/noor/my_robot_ws/install/my_robot_bringup/bin'
[2.057s] INFO:colcon.colcon_core.shell:Creating package script '/home/noor/my_robot_ws/install/my_robot_bringup/share/my_robot_bringup/package.ps1'
[2.058s] INFO:colcon.colcon_core.shell:Creating package descriptor '/home/noor/my_robot_ws/install/my_robot_bringup/share/my_robot_bringup/package.dsv'
[2.059s] INFO:colcon.colcon_core.shell:Creating package script '/home/noor/my_robot_ws/install/my_robot_bringup/share/my_robot_bringup/package.sh'
[2.059s] INFO:colcon.colcon_core.shell:Creating package script '/home/noor/my_robot_ws/install/my_robot_bringup/share/my_robot_bringup/package.bash'
[2.060s] INFO:colcon.colcon_core.shell:Creating package script '/home/noor/my_robot_ws/install/my_robot_bringup/share/my_robot_bringup/package.zsh'
[2.060s] Level 1:colcon.colcon_core.environment:create_file_with_runtime_dependencies(/home/noor/my_robot_ws/install/my_robot_bringup/share/colcon-core/packages/my_robot_bringup)
[2.060s] DEBUG:colcon.colcon_parallel_executor.executor.parallel:closing loop
[2.061s] DEBUG:colcon.colcon_parallel_executor.executor.parallel:loop closed
[2.061s] DEBUG:colcon.colcon_parallel_executor.executor.parallel:run_until_complete finished with '0'
[2.061s] DEBUG:colcon.colcon_core.event_reactor:joining thread
[2.067s] INFO:colcon.colcon_core.plugin_system:Skipping extension 'colcon_notification.desktop_notification.terminal_notifier': Not used on non-Darwin systems
[2.067s] INFO:colcon.colcon_core.plugin_system:Skipping extension 'colcon_notification.desktop_notification.win32': Not used on non-Windows systems
[2.067s] INFO:colcon.colcon_notification.desktop_notification:Sending desktop notification using 'notify2'
[2.087s] DEBUG:colcon.colcon_core.event_reactor:joined thread
[2.087s] INFO:colcon.colcon_core.shell:Creating prefix script '/home/noor/my_robot_ws/install/local_setup.ps1'
[2.089s] INFO:colcon.colcon_core.shell:Creating prefix util module '/home/noor/my_robot_ws/install/_local_setup_util_ps1.py'
[2.091s] INFO:colcon.colcon_core.shell:Creating prefix chain script '/home/noor/my_robot_ws/install/setup.ps1'
[2.092s] INFO:colcon.colcon_core.shell:Creating prefix script '/home/noor/my_robot_ws/install/local_setup.sh'
[2.092s] INFO:colcon.colcon_core.shell:Creating prefix util module '/home/noor/my_robot_ws/install/_local_setup_util_sh.py'
[2.093s] INFO:colcon.colcon_core.shell:Creating prefix chain script '/home/noor/my_robot_ws/install/setup.sh'
[2.094s] INFO:colcon.colcon_core.shell:Creating prefix script '/home/noor/my_robot_ws/install/local_setup.bash'
[2.094s] INFO:colcon.colcon_core.shell:Creating prefix chain script '/home/noor/my_robot_ws/install/setup.bash'
[2.095s] INFO:colcon.colcon_core.shell:Creating prefix script '/home/noor/my_robot_ws/install/local_setup.zsh'
[2.096s] INFO:colcon.colcon_core.shell:Creating prefix chain script '/home/noor/my_robot_ws/install/setup.zsh'
