[0.010s] Invoking command in '/home/noor/my_robot_ws/build/my_robot_description': CMAKE_PREFIX_PATH=/opt/ros/humble /usr/bin/cmake /home/noor/my_robot_ws/src/my_robot_description -DCMAKE_INSTALL_PREFIX=/home/noor/my_robot_ws/install/my_robot_description
[0.083s] -- The C compiler identification is GNU 11.4.0
[0.165s] -- The CXX compiler identification is GNU 11.4.0
[0.172s] -- Detecting C compiler ABI info
[0.263s] -- Detecting C compiler ABI info - done
[0.272s] -- Check for working C compiler: /usr/bin/cc - skipped
[0.272s] -- Detecting C compile features
[0.272s] -- Detecting C compile features - done
[0.276s] -- Detecting CXX compiler ABI info
[0.397s] -- Detecting CXX compiler ABI info - done
[0.405s] -- Check for working CXX compiler: /usr/bin/c++ - skipped
[0.406s] -- Detecting CXX compile features
[0.406s] -- Detecting CXX compile features - done
[0.408s] -- Found ament_cmake: 1.3.11 (/opt/ros/humble/share/ament_cmake/cmake)
[0.589s] -- Found Python3: /usr/bin/python3 (found version "3.10.12") found components: Interpreter 
[0.759s] -- Configuring done
[0.761s] -- Generating done
[0.762s] -- Build files have been written to: /home/noor/my_robot_ws/build/my_robot_description
[0.767s] Invoked command in '/home/noor/my_robot_ws/build/my_robot_description' returned '0': CMAKE_PREFIX_PATH=/opt/ros/humble /usr/bin/cmake /home/noor/my_robot_ws/src/my_robot_description -DCMAKE_INSTALL_PREFIX=/home/noor/my_robot_ws/install/my_robot_description
[0.768s] Invoking command in '/home/noor/my_robot_ws/build/my_robot_description': CMAKE_PREFIX_PATH=/opt/ros/humble /usr/bin/cmake --build /home/noor/my_robot_ws/build/my_robot_description -- -j16 -l16
[0.826s] Invoked command in '/home/noor/my_robot_ws/build/my_robot_description' returned '0': CMAKE_PREFIX_PATH=/opt/ros/humble /usr/bin/cmake --build /home/noor/my_robot_ws/build/my_robot_description -- -j16 -l16
[0.843s] Invoking command in '/home/noor/my_robot_ws/build/my_robot_description': CMAKE_PREFIX_PATH=/opt/ros/humble /usr/bin/cmake --install /home/noor/my_robot_ws/build/my_robot_description
[0.852s] -- Install configuration: ""
[0.852s] -- Installing: /home/noor/my_robot_ws/install/my_robot_description/share/my_robot_description//urdf
[0.853s] -- Installing: /home/noor/my_robot_ws/install/my_robot_description/share/my_robot_description//urdf/mobile_base.xacro
[0.853s] -- Installing: /home/noor/my_robot_ws/install/my_robot_description/share/my_robot_description//urdf/mobile_base_gazebo.xacro
[0.853s] -- Installing: /home/noor/my_robot_ws/install/my_robot_description/share/my_robot_description//urdf/my_robot.urdf.xacro
[0.853s] -- Installing: /home/noor/my_robot_ws/install/my_robot_description/share/my_robot_description//urdf/common_properties2.xacro
[0.853s] -- Installing: /home/noor/my_robot_ws/install/my_robot_description/share/my_robot_description//launch
[0.853s] -- Installing: /home/noor/my_robot_ws/install/my_robot_description/share/my_robot_description//launch/display.launch.xml
[0.853s] -- Installing: /home/noor/my_robot_ws/install/my_robot_description/share/my_robot_description//rviz
[0.853s] -- Installing: /home/noor/my_robot_ws/install/my_robot_description/share/my_robot_description//rviz/urdf_config.rviz
[0.853s] -- Installing: /home/noor/my_robot_ws/install/my_robot_description/share/ament_index/resource_index/package_run_dependencies/my_robot_description
[0.853s] -- Installing: /home/noor/my_robot_ws/install/my_robot_description/share/ament_index/resource_index/parent_prefix_path/my_robot_description
[0.853s] -- Installing: /home/noor/my_robot_ws/install/my_robot_description/share/my_robot_description/environment/ament_prefix_path.sh
[0.853s] -- Installing: /home/noor/my_robot_ws/install/my_robot_description/share/my_robot_description/environment/ament_prefix_path.dsv
[0.853s] -- Installing: /home/noor/my_robot_ws/install/my_robot_description/share/my_robot_description/environment/path.sh
[0.854s] -- Installing: /home/noor/my_robot_ws/install/my_robot_description/share/my_robot_description/environment/path.dsv
[0.854s] -- Installing: /home/noor/my_robot_ws/install/my_robot_description/share/my_robot_description/local_setup.bash
[0.854s] -- Installing: /home/noor/my_robot_ws/install/my_robot_description/share/my_robot_description/local_setup.sh
[0.854s] -- Installing: /home/noor/my_robot_ws/install/my_robot_description/share/my_robot_description/local_setup.zsh
[0.854s] -- Installing: /home/noor/my_robot_ws/install/my_robot_description/share/my_robot_description/local_setup.dsv
[0.854s] -- Installing: /home/noor/my_robot_ws/install/my_robot_description/share/my_robot_description/package.dsv
[0.854s] -- Installing: /home/noor/my_robot_ws/install/my_robot_description/share/ament_index/resource_index/packages/my_robot_description
[0.854s] -- Installing: /home/noor/my_robot_ws/install/my_robot_description/share/my_robot_description/cmake/my_robot_descriptionConfig.cmake
[0.854s] -- Installing: /home/noor/my_robot_ws/install/my_robot_description/share/my_robot_description/cmake/my_robot_descriptionConfig-version.cmake
[0.854s] -- Installing: /home/noor/my_robot_ws/install/my_robot_description/share/my_robot_description/package.xml
[0.857s] Invoked command in '/home/noor/my_robot_ws/build/my_robot_description' returned '0': CMAKE_PREFIX_PATH=/opt/ros/humble /usr/bin/cmake --install /home/noor/my_robot_ws/build/my_robot_description
