[0.007s] Invoking command in '/home/noor/my_robot_ws/build/my_robot_description': CMAKE_PREFIX_PATH=/opt/ros/humble /usr/bin/cmake --build /home/noor/my_robot_ws/build/my_robot_description -- -j16 -l16
[0.043s] Invoked command in '/home/noor/my_robot_ws/build/my_robot_description' returned '0': CMAKE_PREFIX_PATH=/opt/ros/humble /usr/bin/cmake --build /home/noor/my_robot_ws/build/my_robot_description -- -j16 -l16
[0.055s] Invoking command in '/home/noor/my_robot_ws/build/my_robot_description': CMAKE_PREFIX_PATH=/opt/ros/humble /usr/bin/cmake --install /home/noor/my_robot_ws/build/my_robot_description
[0.065s] -- Install configuration: ""
[0.066s] -- Up-to-date: /home/noor/my_robot_ws/install/my_robot_description/share/my_robot_description//urdf
[0.066s] -- Installing: /home/noor/my_robot_ws/install/my_robot_description/share/my_robot_description//urdf/mobile_base.xacro
[0.066s] -- Up-to-date: /home/noor/my_robot_ws/install/my_robot_description/share/my_robot_description//urdf/mobile_base_gazebo.xacro
[0.066s] -- Up-to-date: /home/noor/my_robot_ws/install/my_robot_description/share/my_robot_description//urdf/my_robot.urdf.xacro
[0.066s] -- Up-to-date: /home/noor/my_robot_ws/install/my_robot_description/share/my_robot_description//urdf/common_properties2.xacro
[0.066s] -- Up-to-date: /home/noor/my_robot_ws/install/my_robot_description/share/my_robot_description//launch
[0.066s] -- Up-to-date: /home/noor/my_robot_ws/install/my_robot_description/share/my_robot_description//launch/display.launch.xml
[0.066s] -- Up-to-date: /home/noor/my_robot_ws/install/my_robot_description/share/my_robot_description//rviz
[0.066s] -- Up-to-date: /home/noor/my_robot_ws/install/my_robot_description/share/my_robot_description//rviz/urdf_config.rviz
[0.067s] -- Up-to-date: /home/noor/my_robot_ws/install/my_robot_description/share/ament_index/resource_index/package_run_dependencies/my_robot_description
[0.067s] -- Up-to-date: /home/noor/my_robot_ws/install/my_robot_description/share/ament_index/resource_index/parent_prefix_path/my_robot_description
[0.067s] -- Up-to-date: /home/noor/my_robot_ws/install/my_robot_description/share/my_robot_description/environment/ament_prefix_path.sh
[0.067s] -- Up-to-date: /home/noor/my_robot_ws/install/my_robot_description/share/my_robot_description/environment/ament_prefix_path.dsv
[0.067s] -- Up-to-date: /home/noor/my_robot_ws/install/my_robot_description/share/my_robot_description/environment/path.sh
[0.067s] -- Up-to-date: /home/noor/my_robot_ws/install/my_robot_description/share/my_robot_description/environment/path.dsv
[0.067s] -- Up-to-date: /home/noor/my_robot_ws/install/my_robot_description/share/my_robot_description/local_setup.bash
[0.067s] -- Up-to-date: /home/noor/my_robot_ws/install/my_robot_description/share/my_robot_description/local_setup.sh
[0.067s] -- Up-to-date: /home/noor/my_robot_ws/install/my_robot_description/share/my_robot_description/local_setup.zsh
[0.067s] -- Up-to-date: /home/noor/my_robot_ws/install/my_robot_description/share/my_robot_description/local_setup.dsv
[0.067s] -- Installing: /home/noor/my_robot_ws/install/my_robot_description/share/my_robot_description/package.dsv
[0.067s] -- Up-to-date: /home/noor/my_robot_ws/install/my_robot_description/share/ament_index/resource_index/packages/my_robot_description
[0.067s] -- Up-to-date: /home/noor/my_robot_ws/install/my_robot_description/share/my_robot_description/cmake/my_robot_descriptionConfig.cmake
[0.067s] -- Up-to-date: /home/noor/my_robot_ws/install/my_robot_description/share/my_robot_description/cmake/my_robot_descriptionConfig-version.cmake
[0.067s] -- Up-to-date: /home/noor/my_robot_ws/install/my_robot_description/share/my_robot_description/package.xml
[0.069s] Invoked command in '/home/noor/my_robot_ws/build/my_robot_description' returned '0': CMAKE_PREFIX_PATH=/opt/ros/humble /usr/bin/cmake --install /home/noor/my_robot_ws/build/my_robot_description
