[0.008s] Invoking command in '/home/noor/my_robot_ws/build/my_robot_bringup': CMAKE_PREFIX_PATH=/home/noor/my_robot_ws/install/my_robot_description:/home/noor/my_robot_ws/install/my_robot_bringup:/opt/ros/humble /usr/bin/cmake --build /home/noor/my_robot_ws/build/my_robot_bringup -- -j16 -l16
[0.048s] Invoked command in '/home/noor/my_robot_ws/build/my_robot_bringup' returned '0': CMAKE_PREFIX_PATH=/home/noor/my_robot_ws/install/my_robot_description:/home/noor/my_robot_ws/install/my_robot_bringup:/opt/ros/humble /usr/bin/cmake --build /home/noor/my_robot_ws/build/my_robot_bringup -- -j16 -l16
[0.050s] Invoking command in '/home/noor/my_robot_ws/build/my_robot_bringup': CMAKE_PREFIX_PATH=/home/noor/my_robot_ws/install/my_robot_description:/home/noor/my_robot_ws/install/my_robot_bringup:/opt/ros/humble /usr/bin/cmake --install /home/noor/my_robot_ws/build/my_robot_bringup
[0.059s] -- Install configuration: ""
[0.059s] -- Up-to-date: /home/noor/my_robot_ws/install/my_robot_bringup/share/my_robot_bringup//launch
[0.059s] -- Up-to-date: /home/noor/my_robot_ws/install/my_robot_bringup/share/my_robot_bringup//launch/my_robot.launch.xml
[0.059s] -- Up-to-date: /home/noor/my_robot_ws/install/my_robot_bringup/share/my_robot_bringup//config
[0.059s] -- Up-to-date: /home/noor/my_robot_ws/install/my_robot_bringup/share/my_robot_bringup//config/gazebo_bridge.yaml
[0.059s] -- Up-to-date: /home/noor/my_robot_ws/install/my_robot_bringup/share/my_robot_bringup//rviz
[0.059s] -- Up-to-date: /home/noor/my_robot_ws/install/my_robot_bringup/share/my_robot_bringup//rviz/urdf_config.rviz
[0.059s] -- Up-to-date: /home/noor/my_robot_ws/install/my_robot_bringup/share/ament_index/resource_index/package_run_dependencies/my_robot_bringup
[0.060s] -- Up-to-date: /home/noor/my_robot_ws/install/my_robot_bringup/share/ament_index/resource_index/parent_prefix_path/my_robot_bringup
[0.060s] -- Up-to-date: /home/noor/my_robot_ws/install/my_robot_bringup/share/my_robot_bringup/environment/ament_prefix_path.sh
[0.060s] -- Up-to-date: /home/noor/my_robot_ws/install/my_robot_bringup/share/my_robot_bringup/environment/ament_prefix_path.dsv
[0.060s] -- Up-to-date: /home/noor/my_robot_ws/install/my_robot_bringup/share/my_robot_bringup/environment/path.sh
[0.060s] -- Up-to-date: /home/noor/my_robot_ws/install/my_robot_bringup/share/my_robot_bringup/environment/path.dsv
[0.060s] -- Up-to-date: /home/noor/my_robot_ws/install/my_robot_bringup/share/my_robot_bringup/local_setup.bash
[0.060s] -- Up-to-date: /home/noor/my_robot_ws/install/my_robot_bringup/share/my_robot_bringup/local_setup.sh
[0.060s] -- Up-to-date: /home/noor/my_robot_ws/install/my_robot_bringup/share/my_robot_bringup/local_setup.zsh
[0.060s] -- Up-to-date: /home/noor/my_robot_ws/install/my_robot_bringup/share/my_robot_bringup/local_setup.dsv
[0.060s] -- Installing: /home/noor/my_robot_ws/install/my_robot_bringup/share/my_robot_bringup/package.dsv
[0.060s] -- Up-to-date: /home/noor/my_robot_ws/install/my_robot_bringup/share/ament_index/resource_index/packages/my_robot_bringup
[0.060s] -- Up-to-date: /home/noor/my_robot_ws/install/my_robot_bringup/share/my_robot_bringup/cmake/my_robot_bringupConfig.cmake
[0.060s] -- Up-to-date: /home/noor/my_robot_ws/install/my_robot_bringup/share/my_robot_bringup/cmake/my_robot_bringupConfig-version.cmake
[0.061s] -- Up-to-date: /home/noor/my_robot_ws/install/my_robot_bringup/share/my_robot_bringup/package.xml
[0.062s] Invoked command in '/home/noor/my_robot_ws/build/my_robot_bringup' returned '0': CMAKE_PREFIX_PATH=/home/noor/my_robot_ws/install/my_robot_description:/home/noor/my_robot_ws/install/my_robot_bringup:/opt/ros/humble /usr/bin/cmake --install /home/noor/my_robot_ws/build/my_robot_bringup
