[0.174s] DEBUG:colcon:Command line arguments: ['/usr/bin/colcon', 'build']
[0.175s] DEBUG:colcon:Parsed command line arguments: Namespace(log_base=None, log_level=None, verb_name='build', build_base='build', install_base='install', merge_install=False, symlink_install=False, test_result_base=None, continue_on_error=False, executor='parallel', parallel_workers=16, event_handlers=None, ignore_user_meta=False, metas=['./colcon.meta'], base_paths=['.'], packages_ignore=None, packages_ignore_regex=None, paths=None, packages_up_to=None, packages_up_to_regex=None, packages_above=None, packages_above_and_dependencies=None, packages_above_depth=None, packages_select_by_dep=None, packages_skip_by_dep=None, packages_skip_up_to=None, packages_select_build_failed=False, packages_skip_build_finished=False, packages_select_test_failures=False, packages_skip_test_passed=False, packages_select=None, packages_skip=None, packages_select_regex=None, packages_skip_regex=None, packages_start=None, packages_end=None, allow_overriding=[], cmake_args=None, cmake_target=None, cmake_target_skip_unavailable=False, cmake_clean_cache=False, cmake_clean_first=False, cmake_force_configure=False, ament_cmake_args=None, catkin_cmake_args=None, catkin_skip_building_tests=False, verb_parser=<colcon_defaults.argument_parser.defaults.DefaultArgumentsDecorator object at 0x7fcbbf7405e0>, verb_extension=<colcon_core.verb.build.BuildVerb object at 0x7fcbbf8b1390>, main=<bound method BuildVerb.main of <colcon_core.verb.build.BuildVerb object at 0x7fcbbf8b1390>>)
[0.443s] Level 1:colcon.colcon_core.package_discovery:discover_packages(colcon_meta) check parameters
[0.443s] Level 1:colcon.colcon_core.package_discovery:discover_packages(recursive) check parameters
[0.443s] Level 1:colcon.colcon_core.package_discovery:discover_packages(ignore) check parameters
[0.443s] Level 1:colcon.colcon_core.package_discovery:discover_packages(path) check parameters
[0.443s] Level 1:colcon.colcon_core.package_discovery:discover_packages(colcon_meta) discover
[0.443s] Level 1:colcon.colcon_core.package_discovery:discover_packages(recursive) discover
[0.443s] INFO:colcon.colcon_core.package_discovery:Crawling recursively for packages in '/home/noor/my_robot_ws'
[0.443s] Level 1:colcon.colcon_core.package_identification:_identify(.) by extensions ['ignore', 'ignore_ament_install']
[0.444s] Level 1:colcon.colcon_core.package_identification:_identify(.) by extension 'ignore'
[0.444s] Level 1:colcon.colcon_core.package_identification:_identify(.) by extension 'ignore_ament_install'
[0.444s] Level 1:colcon.colcon_core.package_identification:_identify(.) by extensions ['colcon_pkg']
[0.444s] Level 1:colcon.colcon_core.package_identification:_identify(.) by extension 'colcon_pkg'
[0.444s] Level 1:colcon.colcon_core.package_identification:_identify(.) by extensions ['colcon_meta']
[0.444s] Level 1:colcon.colcon_core.package_identification:_identify(.) by extension 'colcon_meta'
[0.444s] Level 1:colcon.colcon_core.package_identification:_identify(.) by extensions ['ros']
[0.444s] Level 1:colcon.colcon_core.package_identification:_identify(.) by extension 'ros'
[0.460s] Level 1:colcon.colcon_core.package_identification:_identify(.) by extensions ['cmake', 'python']
[0.460s] Level 1:colcon.colcon_core.package_identification:_identify(.) by extension 'cmake'
[0.460s] Level 1:colcon.colcon_core.package_identification:_identify(.) by extension 'python'
[0.460s] Level 1:colcon.colcon_core.package_identification:_identify(.) by extensions ['python_setup_py']
[0.460s] Level 1:colcon.colcon_core.package_identification:_identify(.) by extension 'python_setup_py'
[0.460s] Level 1:colcon.colcon_core.package_identification:_identify(build) by extensions ['ignore', 'ignore_ament_install']
[0.460s] Level 1:colcon.colcon_core.package_identification:_identify(build) by extension 'ignore'
[0.460s] Level 1:colcon.colcon_core.package_identification:_identify(build) ignored
[0.460s] Level 1:colcon.colcon_core.package_identification:_identify(install) by extensions ['ignore', 'ignore_ament_install']
[0.460s] Level 1:colcon.colcon_core.package_identification:_identify(install) by extension 'ignore'
[0.460s] Level 1:colcon.colcon_core.package_identification:_identify(install) ignored
[0.460s] Level 1:colcon.colcon_core.package_identification:_identify(log) by extensions ['ignore', 'ignore_ament_install']
[0.460s] Level 1:colcon.colcon_core.package_identification:_identify(log) by extension 'ignore'
[0.461s] Level 1:colcon.colcon_core.package_identification:_identify(log) ignored
[0.461s] Level 1:colcon.colcon_core.package_identification:_identify(src) by extensions ['ignore', 'ignore_ament_install']
[0.461s] Level 1:colcon.colcon_core.package_identification:_identify(src) by extension 'ignore'
[0.461s] Level 1:colcon.colcon_core.package_identification:_identify(src) by extension 'ignore_ament_install'
[0.461s] Level 1:colcon.colcon_core.package_identification:_identify(src) by extensions ['colcon_pkg']
[0.461s] Level 1:colcon.colcon_core.package_identification:_identify(src) by extension 'colcon_pkg'
[0.461s] Level 1:colcon.colcon_core.package_identification:_identify(src) by extensions ['colcon_meta']
[0.461s] Level 1:colcon.colcon_core.package_identification:_identify(src) by extension 'colcon_meta'
[0.461s] Level 1:colcon.colcon_core.package_identification:_identify(src) by extensions ['ros']
[0.461s] Level 1:colcon.colcon_core.package_identification:_identify(src) by extension 'ros'
[0.461s] Level 1:colcon.colcon_core.package_identification:_identify(src) by extensions ['cmake', 'python']
[0.461s] Level 1:colcon.colcon_core.package_identification:_identify(src) by extension 'cmake'
[0.461s] Level 1:colcon.colcon_core.package_identification:_identify(src) by extension 'python'
[0.461s] Level 1:colcon.colcon_core.package_identification:_identify(src) by extensions ['python_setup_py']
[0.461s] Level 1:colcon.colcon_core.package_identification:_identify(src) by extension 'python_setup_py'
[0.461s] Level 1:colcon.colcon_core.package_identification:_identify(src/my_robot_bringup) by extensions ['ignore', 'ignore_ament_install']
[0.461s] Level 1:colcon.colcon_core.package_identification:_identify(src/my_robot_bringup) by extension 'ignore'
[0.461s] Level 1:colcon.colcon_core.package_identification:_identify(src/my_robot_bringup) by extension 'ignore_ament_install'
[0.461s] Level 1:colcon.colcon_core.package_identification:_identify(src/my_robot_bringup) by extensions ['colcon_pkg']
[0.461s] Level 1:colcon.colcon_core.package_identification:_identify(src/my_robot_bringup) by extension 'colcon_pkg'
[0.461s] Level 1:colcon.colcon_core.package_identification:_identify(src/my_robot_bringup) by extensions ['colcon_meta']
[0.461s] Level 1:colcon.colcon_core.package_identification:_identify(src/my_robot_bringup) by extension 'colcon_meta'
[0.461s] Level 1:colcon.colcon_core.package_identification:_identify(src/my_robot_bringup) by extensions ['ros']
[0.461s] Level 1:colcon.colcon_core.package_identification:_identify(src/my_robot_bringup) by extension 'ros'
[0.464s] DEBUG:colcon.colcon_core.package_identification:Package 'src/my_robot_bringup' with type 'ros.ament_cmake' and name 'my_robot_bringup'
[0.464s] Level 1:colcon.colcon_core.package_identification:_identify(src/my_robot_description) by extensions ['ignore', 'ignore_ament_install']
[0.465s] Level 1:colcon.colcon_core.package_identification:_identify(src/my_robot_description) by extension 'ignore'
[0.465s] Level 1:colcon.colcon_core.package_identification:_identify(src/my_robot_description) by extension 'ignore_ament_install'
[0.465s] Level 1:colcon.colcon_core.package_identification:_identify(src/my_robot_description) by extensions ['colcon_pkg']
[0.465s] Level 1:colcon.colcon_core.package_identification:_identify(src/my_robot_description) by extension 'colcon_pkg'
[0.465s] Level 1:colcon.colcon_core.package_identification:_identify(src/my_robot_description) by extensions ['colcon_meta']
[0.465s] Level 1:colcon.colcon_core.package_identification:_identify(src/my_robot_description) by extension 'colcon_meta'
[0.465s] Level 1:colcon.colcon_core.package_identification:_identify(src/my_robot_description) by extensions ['ros']
[0.465s] Level 1:colcon.colcon_core.package_identification:_identify(src/my_robot_description) by extension 'ros'
[0.465s] DEBUG:colcon.colcon_core.package_identification:Package 'src/my_robot_description' with type 'ros.ament_cmake' and name 'my_robot_description'
[0.466s] Level 1:colcon.colcon_core.package_discovery:discover_packages(recursive) using defaults
[0.466s] Level 1:colcon.colcon_core.package_discovery:discover_packages(ignore) discover
[0.466s] Level 1:colcon.colcon_core.package_discovery:discover_packages(ignore) using defaults
[0.466s] Level 1:colcon.colcon_core.package_discovery:discover_packages(path) discover
[0.466s] Level 1:colcon.colcon_core.package_discovery:discover_packages(path) using defaults
[0.491s] Level 1:colcon.colcon_core.package_discovery:discover_packages(prefix_path) check parameters
[0.491s] Level 1:colcon.colcon_core.package_discovery:discover_packages(prefix_path) discover
[0.495s] DEBUG:colcon.colcon_installed_package_information.package_discovery:Found 357 installed packages in /opt/ros/humble
[0.506s] Level 1:colcon.colcon_core.package_discovery:discover_packages(prefix_path) using defaults
[0.552s] Level 5:colcon.colcon_core.verb:set package 'my_robot_description' build argument 'cmake_args' from command line to 'None'
[0.552s] Level 5:colcon.colcon_core.verb:set package 'my_robot_description' build argument 'cmake_target' from command line to 'None'
[0.553s] Level 5:colcon.colcon_core.verb:set package 'my_robot_description' build argument 'cmake_target_skip_unavailable' from command line to 'False'
[0.553s] Level 5:colcon.colcon_core.verb:set package 'my_robot_description' build argument 'cmake_clean_cache' from command line to 'False'
[0.553s] Level 5:colcon.colcon_core.verb:set package 'my_robot_description' build argument 'cmake_clean_first' from command line to 'False'
[0.553s] Level 5:colcon.colcon_core.verb:set package 'my_robot_description' build argument 'cmake_force_configure' from command line to 'False'
[0.553s] Level 5:colcon.colcon_core.verb:set package 'my_robot_description' build argument 'ament_cmake_args' from command line to 'None'
[0.553s] Level 5:colcon.colcon_core.verb:set package 'my_robot_description' build argument 'catkin_cmake_args' from command line to 'None'
[0.553s] Level 5:colcon.colcon_core.verb:set package 'my_robot_description' build argument 'catkin_skip_building_tests' from command line to 'False'
[0.553s] DEBUG:colcon.colcon_core.verb:Building package 'my_robot_description' with the following arguments: {'ament_cmake_args': None, 'build_base': '/home/noor/my_robot_ws/build/my_robot_description', 'catkin_cmake_args': None, 'catkin_skip_building_tests': False, 'cmake_args': None, 'cmake_clean_cache': False, 'cmake_clean_first': False, 'cmake_force_configure': False, 'cmake_target': None, 'cmake_target_skip_unavailable': False, 'install_base': '/home/noor/my_robot_ws/install/my_robot_description', 'merge_install': False, 'path': '/home/noor/my_robot_ws/src/my_robot_description', 'symlink_install': False, 'test_result_base': None}
[0.553s] Level 5:colcon.colcon_core.verb:set package 'my_robot_bringup' build argument 'cmake_args' from command line to 'None'
[0.553s] Level 5:colcon.colcon_core.verb:set package 'my_robot_bringup' build argument 'cmake_target' from command line to 'None'
[0.553s] Level 5:colcon.colcon_core.verb:set package 'my_robot_bringup' build argument 'cmake_target_skip_unavailable' from command line to 'False'
[0.553s] Level 5:colcon.colcon_core.verb:set package 'my_robot_bringup' build argument 'cmake_clean_cache' from command line to 'False'
[0.553s] Level 5:colcon.colcon_core.verb:set package 'my_robot_bringup' build argument 'cmake_clean_first' from command line to 'False'
[0.553s] Level 5:colcon.colcon_core.verb:set package 'my_robot_bringup' build argument 'cmake_force_configure' from command line to 'False'
[0.553s] Level 5:colcon.colcon_core.verb:set package 'my_robot_bringup' build argument 'ament_cmake_args' from command line to 'None'
[0.553s] Level 5:colcon.colcon_core.verb:set package 'my_robot_bringup' build argument 'catkin_cmake_args' from command line to 'None'
[0.553s] Level 5:colcon.colcon_core.verb:set package 'my_robot_bringup' build argument 'catkin_skip_building_tests' from command line to 'False'
[0.553s] DEBUG:colcon.colcon_core.verb:Building package 'my_robot_bringup' with the following arguments: {'ament_cmake_args': None, 'build_base': '/home/noor/my_robot_ws/build/my_robot_bringup', 'catkin_cmake_args': None, 'catkin_skip_building_tests': False, 'cmake_args': None, 'cmake_clean_cache': False, 'cmake_clean_first': False, 'cmake_force_configure': False, 'cmake_target': None, 'cmake_target_skip_unavailable': False, 'install_base': '/home/noor/my_robot_ws/install/my_robot_bringup', 'merge_install': False, 'path': '/home/noor/my_robot_ws/src/my_robot_bringup', 'symlink_install': False, 'test_result_base': None}
[0.554s] INFO:colcon.colcon_core.executor:Executing jobs using 'parallel' executor
[0.555s] DEBUG:colcon.colcon_parallel_executor.executor.parallel:run_until_complete
[0.555s] INFO:colcon.colcon_ros.task.ament_cmake.build:Building ROS package in '/home/noor/my_robot_ws/src/my_robot_description' with build type 'ament_cmake'
[0.555s] INFO:colcon.colcon_cmake.task.cmake.build:Building CMake package in '/home/noor/my_robot_ws/src/my_robot_description'
[0.560s] INFO:colcon.colcon_core.plugin_system:Skipping extension 'colcon_core.shell.bat': Not used on non-Windows systems
[0.560s] INFO:colcon.colcon_core.shell:Skip shell extension 'powershell' for command environment: Not usable outside of PowerShell
[0.560s] DEBUG:colcon.colcon_core.shell:Skip shell extension 'dsv' for command environment
[0.573s] DEBUG:colcon.colcon_core.event_handler.log_command:Invoking command in '/home/noor/my_robot_ws/build/my_robot_description': CMAKE_PREFIX_PATH=/opt/ros/humble /usr/bin/cmake --build /home/noor/my_robot_ws/build/my_robot_description -- -j16 -l16
[0.657s] DEBUG:colcon.colcon_core.event_handler.log_command:Invoked command in '/home/noor/my_robot_ws/build/my_robot_description' returned '0': CMAKE_PREFIX_PATH=/opt/ros/humble /usr/bin/cmake --build /home/noor/my_robot_ws/build/my_robot_description -- -j16 -l16
[0.671s] DEBUG:colcon.colcon_core.event_handler.log_command:Invoking command in '/home/noor/my_robot_ws/build/my_robot_description': CMAKE_PREFIX_PATH=/opt/ros/humble /usr/bin/cmake --install /home/noor/my_robot_ws/build/my_robot_description
[0.684s] Level 1:colcon.colcon_core.environment:create_environment_scripts_only(my_robot_description)
[0.685s] DEBUG:colcon.colcon_core.event_handler.log_command:Invoked command in '/home/noor/my_robot_ws/build/my_robot_description' returned '0': CMAKE_PREFIX_PATH=/opt/ros/humble /usr/bin/cmake --install /home/noor/my_robot_ws/build/my_robot_description
[0.694s] Level 1:colcon.colcon_core.environment:checking '/home/noor/my_robot_ws/install/my_robot_description' for CMake module files
[0.694s] Level 1:colcon.colcon_core.environment:checking '/home/noor/my_robot_ws/install/my_robot_description' for CMake config files
[0.694s] Level 1:colcon.colcon_core.shell:create_environment_hook('my_robot_description', 'cmake_prefix_path')
[0.695s] INFO:colcon.colcon_core.shell:Creating environment hook '/home/noor/my_robot_ws/install/my_robot_description/share/my_robot_description/hook/cmake_prefix_path.ps1'
[0.696s] INFO:colcon.colcon_core.shell:Creating environment descriptor '/home/noor/my_robot_ws/install/my_robot_description/share/my_robot_description/hook/cmake_prefix_path.dsv'
[0.697s] INFO:colcon.colcon_core.shell:Creating environment hook '/home/noor/my_robot_ws/install/my_robot_description/share/my_robot_description/hook/cmake_prefix_path.sh'
[0.699s] Level 1:colcon.colcon_core.environment:checking '/home/noor/my_robot_ws/install/my_robot_description/bin'
[0.699s] Level 1:colcon.colcon_core.environment:checking '/home/noor/my_robot_ws/install/my_robot_description/lib/pkgconfig/my_robot_description.pc'
[0.700s] Level 1:colcon.colcon_core.environment:checking '/home/noor/my_robot_ws/install/my_robot_description/lib/python3.10/site-packages'
[0.700s] Level 1:colcon.colcon_core.environment:checking '/home/noor/my_robot_ws/install/my_robot_description/bin'
[0.700s] INFO:colcon.colcon_core.shell:Creating package script '/home/noor/my_robot_ws/install/my_robot_description/share/my_robot_description/package.ps1'
[0.702s] INFO:colcon.colcon_core.shell:Creating package descriptor '/home/noor/my_robot_ws/install/my_robot_description/share/my_robot_description/package.dsv'
[0.704s] INFO:colcon.colcon_core.shell:Creating package script '/home/noor/my_robot_ws/install/my_robot_description/share/my_robot_description/package.sh'
[0.705s] INFO:colcon.colcon_core.shell:Creating package script '/home/noor/my_robot_ws/install/my_robot_description/share/my_robot_description/package.bash'
[0.707s] INFO:colcon.colcon_core.shell:Creating package script '/home/noor/my_robot_ws/install/my_robot_description/share/my_robot_description/package.zsh'
[0.709s] Level 1:colcon.colcon_core.environment:create_file_with_runtime_dependencies(/home/noor/my_robot_ws/install/my_robot_description/share/colcon-core/packages/my_robot_description)
[0.710s] Level 1:colcon.colcon_core.environment:create_environment_scripts_only(my_robot_description)
[0.710s] Level 1:colcon.colcon_core.environment:checking '/home/noor/my_robot_ws/install/my_robot_description' for CMake module files
[0.711s] Level 1:colcon.colcon_core.environment:checking '/home/noor/my_robot_ws/install/my_robot_description' for CMake config files
[0.711s] Level 1:colcon.colcon_core.shell:create_environment_hook('my_robot_description', 'cmake_prefix_path')
[0.711s] INFO:colcon.colcon_core.shell:Creating environment hook '/home/noor/my_robot_ws/install/my_robot_description/share/my_robot_description/hook/cmake_prefix_path.ps1'
[0.712s] INFO:colcon.colcon_core.shell:Creating environment descriptor '/home/noor/my_robot_ws/install/my_robot_description/share/my_robot_description/hook/cmake_prefix_path.dsv'
[0.713s] INFO:colcon.colcon_core.shell:Creating environment hook '/home/noor/my_robot_ws/install/my_robot_description/share/my_robot_description/hook/cmake_prefix_path.sh'
[0.714s] Level 1:colcon.colcon_core.environment:checking '/home/noor/my_robot_ws/install/my_robot_description/bin'
[0.714s] Level 1:colcon.colcon_core.environment:checking '/home/noor/my_robot_ws/install/my_robot_description/lib/pkgconfig/my_robot_description.pc'
[0.714s] Level 1:colcon.colcon_core.environment:checking '/home/noor/my_robot_ws/install/my_robot_description/lib/python3.10/site-packages'
[0.714s] Level 1:colcon.colcon_core.environment:checking '/home/noor/my_robot_ws/install/my_robot_description/bin'
[0.715s] INFO:colcon.colcon_core.shell:Creating package script '/home/noor/my_robot_ws/install/my_robot_description/share/my_robot_description/package.ps1'
[0.716s] INFO:colcon.colcon_core.shell:Creating package descriptor '/home/noor/my_robot_ws/install/my_robot_description/share/my_robot_description/package.dsv'
[0.717s] INFO:colcon.colcon_core.shell:Creating package script '/home/noor/my_robot_ws/install/my_robot_description/share/my_robot_description/package.sh'
[0.717s] INFO:colcon.colcon_core.shell:Creating package script '/home/noor/my_robot_ws/install/my_robot_description/share/my_robot_description/package.bash'
[0.718s] INFO:colcon.colcon_core.shell:Creating package script '/home/noor/my_robot_ws/install/my_robot_description/share/my_robot_description/package.zsh'
[0.718s] Level 1:colcon.colcon_core.environment:create_file_with_runtime_dependencies(/home/noor/my_robot_ws/install/my_robot_description/share/colcon-core/packages/my_robot_description)
[0.718s] INFO:colcon.colcon_ros.task.ament_cmake.build:Building ROS package in '/home/noor/my_robot_ws/src/my_robot_bringup' with build type 'ament_cmake'
[0.719s] INFO:colcon.colcon_cmake.task.cmake.build:Building CMake package in '/home/noor/my_robot_ws/src/my_robot_bringup'
[0.719s] INFO:colcon.colcon_core.shell:Skip shell extension 'powershell' for command environment: Not usable outside of PowerShell
[0.719s] DEBUG:colcon.colcon_core.shell:Skip shell extension 'dsv' for command environment
[0.729s] DEBUG:colcon.colcon_core.event_handler.log_command:Invoking command in '/home/noor/my_robot_ws/build/my_robot_bringup': AMENT_PREFIX_PATH=/home/noor/my_robot_ws/install/my_robot_description:${AMENT_PREFIX_PATH} CMAKE_PREFIX_PATH=/home/noor/my_robot_ws/install/my_robot_description:/opt/ros/humble /usr/bin/cmake --build /home/noor/my_robot_ws/build/my_robot_bringup -- -j16 -l16
[0.773s] DEBUG:colcon.colcon_core.event_handler.log_command:Invoked command in '/home/noor/my_robot_ws/build/my_robot_bringup' returned '0': AMENT_PREFIX_PATH=/home/noor/my_robot_ws/install/my_robot_description:${AMENT_PREFIX_PATH} CMAKE_PREFIX_PATH=/home/noor/my_robot_ws/install/my_robot_description:/opt/ros/humble /usr/bin/cmake --build /home/noor/my_robot_ws/build/my_robot_bringup -- -j16 -l16
[0.776s] DEBUG:colcon.colcon_core.event_handler.log_command:Invoking command in '/home/noor/my_robot_ws/build/my_robot_bringup': AMENT_PREFIX_PATH=/home/noor/my_robot_ws/install/my_robot_description:${AMENT_PREFIX_PATH} CMAKE_PREFIX_PATH=/home/noor/my_robot_ws/install/my_robot_description:/opt/ros/humble /usr/bin/cmake --install /home/noor/my_robot_ws/build/my_robot_bringup
[0.791s] Level 1:colcon.colcon_core.environment:create_environment_scripts_only(my_robot_bringup)
[0.791s] Level 1:colcon.colcon_core.environment:checking '/home/noor/my_robot_ws/install/my_robot_bringup' for CMake module files
[0.791s] DEBUG:colcon.colcon_core.event_handler.log_command:Invoked command in '/home/noor/my_robot_ws/build/my_robot_bringup' returned '0': AMENT_PREFIX_PATH=/home/noor/my_robot_ws/install/my_robot_description:${AMENT_PREFIX_PATH} CMAKE_PREFIX_PATH=/home/noor/my_robot_ws/install/my_robot_description:/opt/ros/humble /usr/bin/cmake --install /home/noor/my_robot_ws/build/my_robot_bringup
[0.792s] Level 1:colcon.colcon_core.environment:checking '/home/noor/my_robot_ws/install/my_robot_bringup' for CMake config files
[0.793s] Level 1:colcon.colcon_core.shell:create_environment_hook('my_robot_bringup', 'cmake_prefix_path')
[0.794s] INFO:colcon.colcon_core.shell:Creating environment hook '/home/noor/my_robot_ws/install/my_robot_bringup/share/my_robot_bringup/hook/cmake_prefix_path.ps1'
[0.794s] INFO:colcon.colcon_core.shell:Creating environment descriptor '/home/noor/my_robot_ws/install/my_robot_bringup/share/my_robot_bringup/hook/cmake_prefix_path.dsv'
[0.795s] INFO:colcon.colcon_core.shell:Creating environment hook '/home/noor/my_robot_ws/install/my_robot_bringup/share/my_robot_bringup/hook/cmake_prefix_path.sh'
[0.796s] Level 1:colcon.colcon_core.environment:checking '/home/noor/my_robot_ws/install/my_robot_bringup/bin'
[0.796s] Level 1:colcon.colcon_core.environment:checking '/home/noor/my_robot_ws/install/my_robot_bringup/lib/pkgconfig/my_robot_bringup.pc'
[0.796s] Level 1:colcon.colcon_core.environment:checking '/home/noor/my_robot_ws/install/my_robot_bringup/lib/python3.10/site-packages'
[0.797s] Level 1:colcon.colcon_core.environment:checking '/home/noor/my_robot_ws/install/my_robot_bringup/bin'
[0.797s] INFO:colcon.colcon_core.shell:Creating package script '/home/noor/my_robot_ws/install/my_robot_bringup/share/my_robot_bringup/package.ps1'
[0.798s] INFO:colcon.colcon_core.shell:Creating package descriptor '/home/noor/my_robot_ws/install/my_robot_bringup/share/my_robot_bringup/package.dsv'
[0.798s] INFO:colcon.colcon_core.shell:Creating package script '/home/noor/my_robot_ws/install/my_robot_bringup/share/my_robot_bringup/package.sh'
[0.799s] INFO:colcon.colcon_core.shell:Creating package script '/home/noor/my_robot_ws/install/my_robot_bringup/share/my_robot_bringup/package.bash'
[0.799s] INFO:colcon.colcon_core.shell:Creating package script '/home/noor/my_robot_ws/install/my_robot_bringup/share/my_robot_bringup/package.zsh'
[0.800s] Level 1:colcon.colcon_core.environment:create_file_with_runtime_dependencies(/home/noor/my_robot_ws/install/my_robot_bringup/share/colcon-core/packages/my_robot_bringup)
[0.800s] Level 1:colcon.colcon_core.environment:create_environment_scripts_only(my_robot_bringup)
[0.800s] Level 1:colcon.colcon_core.environment:checking '/home/noor/my_robot_ws/install/my_robot_bringup' for CMake module files
[0.801s] Level 1:colcon.colcon_core.environment:checking '/home/noor/my_robot_ws/install/my_robot_bringup' for CMake config files
[0.801s] Level 1:colcon.colcon_core.shell:create_environment_hook('my_robot_bringup', 'cmake_prefix_path')
[0.801s] INFO:colcon.colcon_core.shell:Creating environment hook '/home/noor/my_robot_ws/install/my_robot_bringup/share/my_robot_bringup/hook/cmake_prefix_path.ps1'
[0.802s] INFO:colcon.colcon_core.shell:Creating environment descriptor '/home/noor/my_robot_ws/install/my_robot_bringup/share/my_robot_bringup/hook/cmake_prefix_path.dsv'
[0.802s] INFO:colcon.colcon_core.shell:Creating environment hook '/home/noor/my_robot_ws/install/my_robot_bringup/share/my_robot_bringup/hook/cmake_prefix_path.sh'
[0.803s] Level 1:colcon.colcon_core.environment:checking '/home/noor/my_robot_ws/install/my_robot_bringup/bin'
[0.803s] Level 1:colcon.colcon_core.environment:checking '/home/noor/my_robot_ws/install/my_robot_bringup/lib/pkgconfig/my_robot_bringup.pc'
[0.803s] Level 1:colcon.colcon_core.environment:checking '/home/noor/my_robot_ws/install/my_robot_bringup/lib/python3.10/site-packages'
[0.803s] Level 1:colcon.colcon_core.environment:checking '/home/noor/my_robot_ws/install/my_robot_bringup/bin'
[0.803s] INFO:colcon.colcon_core.shell:Creating package script '/home/noor/my_robot_ws/install/my_robot_bringup/share/my_robot_bringup/package.ps1'
[0.804s] INFO:colcon.colcon_core.shell:Creating package descriptor '/home/noor/my_robot_ws/install/my_robot_bringup/share/my_robot_bringup/package.dsv'
[0.804s] INFO:colcon.colcon_core.shell:Creating package script '/home/noor/my_robot_ws/install/my_robot_bringup/share/my_robot_bringup/package.sh'
[0.805s] INFO:colcon.colcon_core.shell:Creating package script '/home/noor/my_robot_ws/install/my_robot_bringup/share/my_robot_bringup/package.bash'
[0.805s] INFO:colcon.colcon_core.shell:Creating package script '/home/noor/my_robot_ws/install/my_robot_bringup/share/my_robot_bringup/package.zsh'
[0.805s] Level 1:colcon.colcon_core.environment:create_file_with_runtime_dependencies(/home/noor/my_robot_ws/install/my_robot_bringup/share/colcon-core/packages/my_robot_bringup)
[0.806s] DEBUG:colcon.colcon_parallel_executor.executor.parallel:closing loop
[0.806s] DEBUG:colcon.colcon_parallel_executor.executor.parallel:loop closed
[0.806s] DEBUG:colcon.colcon_parallel_executor.executor.parallel:run_until_complete finished with '0'
[0.806s] DEBUG:colcon.colcon_core.event_reactor:joining thread
[0.812s] INFO:colcon.colcon_core.plugin_system:Skipping extension 'colcon_notification.desktop_notification.terminal_notifier': Not used on non-Darwin systems
[0.812s] INFO:colcon.colcon_core.plugin_system:Skipping extension 'colcon_notification.desktop_notification.win32': Not used on non-Windows systems
[0.812s] INFO:colcon.colcon_notification.desktop_notification:Sending desktop notification using 'notify2'
[0.831s] DEBUG:colcon.colcon_core.event_reactor:joined thread
[0.831s] INFO:colcon.colcon_core.shell:Creating prefix script '/home/noor/my_robot_ws/install/local_setup.ps1'
[0.833s] INFO:colcon.colcon_core.shell:Creating prefix util module '/home/noor/my_robot_ws/install/_local_setup_util_ps1.py'
[0.835s] INFO:colcon.colcon_core.shell:Creating prefix chain script '/home/noor/my_robot_ws/install/setup.ps1'
[0.837s] INFO:colcon.colcon_core.shell:Creating prefix script '/home/noor/my_robot_ws/install/local_setup.sh'
[0.839s] INFO:colcon.colcon_core.shell:Creating prefix util module '/home/noor/my_robot_ws/install/_local_setup_util_sh.py'
[0.840s] INFO:colcon.colcon_core.shell:Creating prefix chain script '/home/noor/my_robot_ws/install/setup.sh'
[0.842s] INFO:colcon.colcon_core.shell:Creating prefix script '/home/noor/my_robot_ws/install/local_setup.bash'
[0.843s] INFO:colcon.colcon_core.shell:Creating prefix chain script '/home/noor/my_robot_ws/install/setup.bash'
[0.844s] INFO:colcon.colcon_core.shell:Creating prefix script '/home/noor/my_robot_ws/install/local_setup.zsh'
[0.845s] INFO:colcon.colcon_core.shell:Creating prefix chain script '/home/noor/my_robot_ws/install/setup.zsh'
