[0.007s] Invoking command in '/home/noor/my_robot_ws/build/my_robot_bringup': AMENT_PREFIX_PATH=/home/noor/my_robot_ws/install/my_robot_description:${AMENT_PREFIX_PATH} CMAKE_PREFIX_PATH=/home/noor/my_robot_ws/install/my_robot_description:/opt/ros/humble /usr/bin/cmake /home/noor/my_robot_ws/src/my_robot_bringup -DCMAKE_INSTALL_PREFIX=/home/noor/my_robot_ws/install/my_robot_bringup
[0.080s] -- The C compiler identification is GNU 11.4.0
[0.150s] -- The CXX compiler identification is GNU 11.4.0
[0.159s] -- Detecting C compiler ABI info
[0.241s] -- Detecting C compiler ABI info - done
[0.249s] -- Check for working C compiler: /usr/bin/cc - skipped
[0.250s] -- Detecting C compile features
[0.250s] -- Detecting C compile features - done
[0.255s] -- Detecting CXX compiler ABI info
[0.370s] -- Detecting CXX compiler ABI info - done
[0.378s] -- Check for working CXX compiler: /usr/bin/c++ - skipped
[0.378s] -- Detecting CXX compile features
[0.378s] -- Detecting CXX compile features - done
[0.381s] -- Found ament_cmake: 1.3.11 (/opt/ros/humble/share/ament_cmake/cmake)
[0.547s] -- Found Python3: /usr/bin/python3 (found version "3.10.12") found components: Interpreter 
[0.733s] -- Configuring done
[0.735s] -- Generating done
[0.737s] -- Build files have been written to: /home/noor/my_robot_ws/build/my_robot_bringup
[0.742s] Invoked command in '/home/noor/my_robot_ws/build/my_robot_bringup' returned '0': AMENT_PREFIX_PATH=/home/noor/my_robot_ws/install/my_robot_description:${AMENT_PREFIX_PATH} CMAKE_PREFIX_PATH=/home/noor/my_robot_ws/install/my_robot_description:/opt/ros/humble /usr/bin/cmake /home/noor/my_robot_ws/src/my_robot_bringup -DCMAKE_INSTALL_PREFIX=/home/noor/my_robot_ws/install/my_robot_bringup
[0.744s] Invoking command in '/home/noor/my_robot_ws/build/my_robot_bringup': AMENT_PREFIX_PATH=/home/noor/my_robot_ws/install/my_robot_description:${AMENT_PREFIX_PATH} CMAKE_PREFIX_PATH=/home/noor/my_robot_ws/install/my_robot_description:/opt/ros/humble /usr/bin/cmake --build /home/noor/my_robot_ws/build/my_robot_bringup -- -j16 -l16
[0.795s] Invoked command in '/home/noor/my_robot_ws/build/my_robot_bringup' returned '0': AMENT_PREFIX_PATH=/home/noor/my_robot_ws/install/my_robot_description:${AMENT_PREFIX_PATH} CMAKE_PREFIX_PATH=/home/noor/my_robot_ws/install/my_robot_description:/opt/ros/humble /usr/bin/cmake --build /home/noor/my_robot_ws/build/my_robot_bringup -- -j16 -l16
[0.798s] Invoking command in '/home/noor/my_robot_ws/build/my_robot_bringup': AMENT_PREFIX_PATH=/home/noor/my_robot_ws/install/my_robot_description:${AMENT_PREFIX_PATH} CMAKE_PREFIX_PATH=/home/noor/my_robot_ws/install/my_robot_description:/opt/ros/humble /usr/bin/cmake --install /home/noor/my_robot_ws/build/my_robot_bringup
[0.809s] -- Install configuration: ""
[0.809s] -- Installing: /home/noor/my_robot_ws/install/my_robot_bringup/share/my_robot_bringup//launch
[0.810s] -- Installing: /home/noor/my_robot_ws/install/my_robot_bringup/share/my_robot_bringup//launch/my_robot.launch.xml
[0.810s] -- Installing: /home/noor/my_robot_ws/install/my_robot_bringup/share/my_robot_bringup//config
[0.810s] -- Installing: /home/noor/my_robot_ws/install/my_robot_bringup/share/my_robot_bringup//config/gazebo_bridge.yaml
[0.810s] -- Installing: /home/noor/my_robot_ws/install/my_robot_bringup/share/my_robot_bringup//rviz
[0.810s] -- Installing: /home/noor/my_robot_ws/install/my_robot_bringup/share/my_robot_bringup//rviz/urdf_config.rviz
[0.810s] -- Installing: /home/noor/my_robot_ws/install/my_robot_bringup/share/ament_index/resource_index/package_run_dependencies/my_robot_bringup
[0.810s] -- Installing: /home/noor/my_robot_ws/install/my_robot_bringup/share/ament_index/resource_index/parent_prefix_path/my_robot_bringup
[0.810s] -- Installing: /home/noor/my_robot_ws/install/my_robot_bringup/share/my_robot_bringup/environment/ament_prefix_path.sh
[0.811s] -- Installing: /home/noor/my_robot_ws/install/my_robot_bringup/share/my_robot_bringup/environment/ament_prefix_path.dsv
[0.811s] -- Installing: /home/noor/my_robot_ws/install/my_robot_bringup/share/my_robot_bringup/environment/path.sh
[0.811s] -- Installing: /home/noor/my_robot_ws/install/my_robot_bringup/share/my_robot_bringup/environment/path.dsv
[0.811s] -- Installing: /home/noor/my_robot_ws/install/my_robot_bringup/share/my_robot_bringup/local_setup.bash
[0.811s] -- Installing: /home/noor/my_robot_ws/install/my_robot_bringup/share/my_robot_bringup/local_setup.sh
[0.811s] -- Installing: /home/noor/my_robot_ws/install/my_robot_bringup/share/my_robot_bringup/local_setup.zsh
[0.811s] -- Installing: /home/noor/my_robot_ws/install/my_robot_bringup/share/my_robot_bringup/local_setup.dsv
[0.812s] -- Installing: /home/noor/my_robot_ws/install/my_robot_bringup/share/my_robot_bringup/package.dsv
[0.812s] -- Installing: /home/noor/my_robot_ws/install/my_robot_bringup/share/ament_index/resource_index/packages/my_robot_bringup
[0.812s] -- Installing: /home/noor/my_robot_ws/install/my_robot_bringup/share/my_robot_bringup/cmake/my_robot_bringupConfig.cmake
[0.812s] -- Installing: /home/noor/my_robot_ws/install/my_robot_bringup/share/my_robot_bringup/cmake/my_robot_bringupConfig-version.cmake
[0.812s] -- Installing: /home/noor/my_robot_ws/install/my_robot_bringup/share/my_robot_bringup/package.xml
[0.815s] Invoked command in '/home/noor/my_robot_ws/build/my_robot_bringup' returned '0': AMENT_PREFIX_PATH=/home/noor/my_robot_ws/install/my_robot_description:${AMENT_PREFIX_PATH} CMAKE_PREFIX_PATH=/home/noor/my_robot_ws/install/my_robot_description:/opt/ros/humble /usr/bin/cmake --install /home/noor/my_robot_ws/build/my_robot_bringup
